<?xml version="1.0" encoding="UTF-8"?>
<!-- Generated by org.testng.reporters.JUnitReportReporter -->
<testsuite hostname="Dell-PC" failures="0" tests="1" name="com.Test.Test_002" time="16.415" errors="0" timestamp="2022-08-23T22:15:25 IST" skipped="0">
  <testcase classname="com.Test.Test_002" name="TC_0001" time="16.415"/>
  <system-out/>
</testsuite> <!-- com.Test.Test_002 -->
